{"numFailedTestSuites":0,"numFailedTests":0,"numPassedTestSuites":1,"numPassedTests":22,"numPendingTestSuites":0,"numPendingTests":0,"numRuntimeErrorTestSuites":0,"numTodoTests":0,"numTotalTestSuites":1,"numTotalTests":22,"openHandles":[],"snapshot":{"added":0,"didUpdate":false,"failure":false,"filesAdded":0,"filesRemoved":0,"filesRemovedList":[],"filesUnmatched":0,"filesUpdated":0,"matched":0,"total":0,"unchecked":0,"uncheckedKeysByFile":[],"unmatched":0,"updated":0},"startTime":1781869106011,"success":true,"testResults":[{"assertionResults":[{"ancestorTitles":["AnalyticsService","getSessionVolume"],"duration":31,"failureDetails":[],"failureMessages":[],"fullName":"AnalyticsService getSessionVolume should return volume for a session with valid data","invocations":1,"location":null,"numPassingAsserts":1,"retryReasons":[],"status":"passed","title":"should return volume for a session with valid data"},{"ancestorTitles":["AnalyticsService","getSessionVolume"],"duration":6,"failureDetails":[],"failureMessages":[],"fullName":"AnalyticsService getSessionVolume should throw NotFoundException if session does not exist","invocations":1,"location":null,"numPassingAsserts":1,"retryReasons":[],"status":"passed","title":"should throw NotFoundException if session does not exist"},{"ancestorTitles":["AnalyticsService","getSessionVolume"],"duration":3,"failureDetails":[],"failureMessages":[],"fullName":"AnalyticsService getSessionVolume should throw InternalServerErrorException on database error","invocations":1,"location":null,"numPassingAsserts":1,"retryReasons":[],"status":"passed","title":"should throw InternalServerErrorException on database error"},{"ancestorTitles":["AnalyticsService","getExerciseVolume"],"duration":2,"failureDetails":[],"failureMessages":[],"fullName":"AnalyticsService getExerciseVolume should return volume for an exercise belonging to the user","invocations":1,"location":null,"numPassingAsserts":1,"retryReasons":[],"status":"passed","title":"should return volume for an exercise belonging to the user"},{"ancestorTitles":["AnalyticsService","getExerciseVolume"],"duration":3,"failureDetails":[],"failureMessages":[],"fullName":"AnalyticsService getExerciseVolume should throw NotFoundException if exercise does not exist","invocations":1,"location":null,"numPassingAsserts":1,"retryReasons":[],"status":"passed","title":"should throw NotFoundException if exercise does not exist"},{"ancestorTitles":["AnalyticsService","getWeeklyVolume"],"duration":3,"failureDetails":[],"failureMessages":[],"fullName":"AnalyticsService getWeeklyVolume should return volume for the last 7 days","invocations":1,"location":null,"numPassingAsserts":1,"retryReasons":[],"status":"passed","title":"should return volume for the last 7 days"},{"ancestorTitles":["AnalyticsService","getWeeklyVolume"],"duration":4,"failureDetails":[],"failureMessages":[],"fullName":"AnalyticsService getWeeklyVolume should return zero when no sessions in the date range","invocations":1,"location":null,"numPassingAsserts":1,"retryReasons":[],"status":"passed","title":"should return zero when no sessions in the date range"},{"ancestorTitles":["AnalyticsService","getMonthlyVolume"],"duration":2,"failureDetails":[],"failureMessages":[],"fullName":"AnalyticsService getMonthlyVolume should return volume for the last 30 days","invocations":1,"location":null,"numPassingAsserts":1,"retryReasons":[],"status":"passed","title":"should return volume for the last 30 days"},{"ancestorTitles":["AnalyticsService","getDashboard"],"duration":3,"failureDetails":[],"failureMessages":[],"fullName":"AnalyticsService getDashboard should return an object with expected properties","invocations":1,"location":null,"numPassingAsserts":1,"retryReasons":[],"status":"passed","title":"should return an object with expected properties"},{"ancestorTitles":["AnalyticsService","getExerciseProgression"],"duration":2,"failureDetails":[],"failureMessages":[],"fullName":"AnalyticsService getExerciseProgression should return progression data when no sets found","invocations":1,"location":null,"numPassingAsserts":1,"retryReasons":[],"status":"passed","title":"should return progression data when no sets found"},{"ancestorTitles":["AnalyticsService","getExerciseProgression"],"duration":2,"failureDetails":[],"failureMessages":[],"fullName":"AnalyticsService getExerciseProgression should calculate progression correctly with valid data","invocations":1,"location":null,"numPassingAsserts":6,"retryReasons":[],"status":"passed","title":"should calculate progression correctly with valid data"},{"ancestorTitles":["AnalyticsService","getPersonalRecords"],"duration":2,"failureDetails":[],"failureMessages":[],"fullName":"AnalyticsService getPersonalRecords should return an empty array","invocations":1,"location":null,"numPassingAsserts":1,"retryReasons":[],"status":"passed","title":"should return an empty array"},{"ancestorTitles":["AnalyticsService","getBestOneRepMax"],"duration":2,"failureDetails":[],"failureMessages":[],"fullName":"AnalyticsService getBestOneRepMax should return 0 when no sets found","invocations":1,"location":null,"numPassingAsserts":1,"retryReasons":[],"status":"passed","title":"should return 0 when no sets found"},{"ancestorTitles":["AnalyticsService","getBestOneRepMax"],"duration":2,"failureDetails":[],"failureMessages":[],"fullName":"AnalyticsService getBestOneRepMax should return the correct best one rep max","invocations":1,"location":null,"numPassingAsserts":1,"retryReasons":[],"status":"passed","title":"should return the correct best one rep max"},{"ancestorTitles":["AnalyticsService","getStrengthTrend"],"duration":2,"failureDetails":[],"failureMessages":[],"fullName":"AnalyticsService getStrengthTrend should return empty history when no sets found","invocations":1,"location":null,"numPassingAsserts":1,"retryReasons":[],"status":"passed","title":"should return empty history when no sets found"},{"ancestorTitles":["AnalyticsService","getStrengthTrend"],"duration":2,"failureDetails":[],"failureMessages":[],"fullName":"AnalyticsService getStrengthTrend should return trend history grouped by date","invocations":1,"location":null,"numPassingAsserts":4,"retryReasons":[],"status":"passed","title":"should return trend history grouped by date"},{"ancestorTitles":["AnalyticsService","getWorkoutConsistency"],"duration":3,"failureDetails":[],"failureMessages":[],"fullName":"AnalyticsService getWorkoutConsistency should return empty consistency when no workouts","invocations":1,"location":null,"numPassingAsserts":1,"retryReasons":[],"status":"passed","title":"should return empty consistency when no workouts"},{"ancestorTitles":["AnalyticsService","getWorkoutConsistency"],"duration":2,"failureDetails":[],"failureMessages":[],"fullName":"AnalyticsService getWorkoutConsistency should handle single workout session","invocations":1,"location":null,"numPassingAsserts":1,"retryReasons":[],"status":"passed","title":"should handle single workout session"},{"ancestorTitles":["AnalyticsService","getWorkoutConsistency"],"duration":2,"failureDetails":[],"failureMessages":[],"fullName":"AnalyticsService getWorkoutConsistency should calculate streaks correctly with consecutive days","invocations":1,"location":null,"numPassingAsserts":1,"retryReasons":[],"status":"passed","title":"should calculate streaks correctly with consecutive days"},{"ancestorTitles":["AnalyticsService","getWorkoutConsistency"],"duration":2,"failureDetails":[],"failureMessages":[],"fullName":"AnalyticsService getWorkoutConsistency should calculate streaks with gaps","invocations":1,"location":null,"numPassingAsserts":1,"retryReasons":[],"status":"passed","title":"should calculate streaks with gaps"},{"ancestorTitles":["AnalyticsService","getComparativeAnalytics"],"duration":7,"failureDetails":[],"failureMessages":[],"fullName":"AnalyticsService getComparativeAnalytics should return comparative analytics data","invocations":1,"location":null,"numPassingAsserts":30,"retryReasons":[],"status":"passed","title":"should return comparative analytics data"},{"ancestorTitles":["AnalyticsService","getComparativeAnalytics"],"duration":3,"failureDetails":[],"failureMessages":[],"fullName":"AnalyticsService getComparativeAnalytics should handle no workout data","invocations":1,"location":null,"numPassingAsserts":8,"retryReasons":[],"status":"passed","title":"should handle no workout data"}],"endTime":1781869108231,"message":"","name":"C:\\Final year project\\Aegis AI\\backend\\src\\analytics\\tests\\analytics.service.spec.ts","startTime":1781869106254,"status":"passed","summary":""}],"wasInterrupted":false}
